<?xml version="1.0" encoding="UTF-8"?>
<testsuite name="lab0.Variant10Test" tests="18" skipped="0" failures="0" errors="0" timestamp="2022-11-14T10:29:49" hostname="DESKTOP-TVLHH8O" time="0.067">
  <properties/>
  <testcase name="arrayTest[0]([I@537f60bf, 3, [I@5677323c)" classname="lab0.Variant10Test" time="0.02"/>
  <testcase name="arrayTest[1]([I@644baf4a, 3, [I@7526515b)" classname="lab0.Variant10Test" time="0.0"/>
  <testcase name="booleanTest[0](4, 5, true)" classname="lab0.Variant10Test" time="0.0"/>
  <testcase name="booleanTest[1](7, 5, false)" classname="lab0.Variant10Test" time="0.0"/>
  <testcase name="booleanTest[2](101, 103, false)" classname="lab0.Variant10Test" time="0.001"/>
  <testcase name="caseTest[0](N, 1, West)" classname="lab0.Variant10Test" time="0.0"/>
  <testcase name="caseTest[1](E, -1, South)" classname="lab0.Variant10Test" time="0.0"/>
  <testcase name="caseTest[2](S, 1, East)" classname="lab0.Variant10Test" time="0.0"/>
  <testcase name="caseTest[3](W, 0, West)" classname="lab0.Variant10Test" time="0.001"/>
  <testcase name="forTest[0](2, 1.5)" classname="lab0.Variant10Test" time="0.014"/>
  <testcase name="forTest[1](20, 3.597739657143682)" classname="lab0.Variant10Test" time="0.0"/>
  <testcase name="ifTest[0](3, 2, 5, 5)" classname="lab0.Variant10Test" time="0.001"/>
  <testcase name="ifTest[1](20, 20, 0, 0)" classname="lab0.Variant10Test" time="0.001"/>
  <testcase name="integerTest[0](123, 32)" classname="lab0.Variant10Test" time="0.001"/>
  <testcase name="twoDimensionArrayTest[0]([[I@5d0bf09b, [[I@793f29ff)" classname="lab0.Variant10Test" time="0.001"/>
  <testcase name="twoDimensionArrayTest[1]([[I@3b0fe47a, [[I@202b0582)" classname="lab0.Variant10Test" time="0.001"/>
  <testcase name="whileTest[0](100, 4)" classname="lab0.Variant10Test" time="0.001"/>
  <testcase name="whileTest[1](20, 3)" classname="lab0.Variant10Test" time="0.0"/>
  <system-out><![CDATA[10 2 3 10 2 3 13 2 6 2 6 13 true
false
false
My Direction will be: West
My Direction will be: South
My Direction will be: East
My Direction will be: West
Sum=1.5Sum=3.5977396571436825
5
0
0
]]></system-out>
  <system-err><![CDATA[]]></system-err>
</testsuite>
