<?xml version="1.0" encoding="UTF-8"?>
<testsuite name="lab0.Variant10Test" tests="1" skipped="0" failures="0" errors="0" timestamp="2022-11-04T13:39:41" hostname="DESKTOP-TVLHH8O" time="0.007">
  <properties/>
  <testcase name="negativeInputTest" classname="lab0.Variant10Test" time="0.007"/>
  <system-out><![CDATA[]]></system-out>
  <system-err><![CDATA[]]></system-err>
</testsuite>
